<?xml version="1.0" encoding="UTF-8"?>
<!-- Generated by org.testng.reporters.JUnitReportReporter -->
<testsuite hostname="MSI" failures="0" tests="3" name="com.selenium.practice.test.homePage.HomePageTestCases" time="67.245" errors="0" timestamp="2025-05-28T13:29:59 IST" skipped="0">
  <testcase classname="com.selenium.practice.test.homePage.HomePageTestCases" name="scrollingUpWithoutUpArrowButtonOnScreenTestCase" time="33.021"/>
  <testcase classname="com.selenium.practice.test.homePage.HomePageTestCases" name="verifyingSubscriptionTestCase" time="17.291"/>
  <testcase classname="com.selenium.practice.test.homePage.HomePageTestCases" name="scrollingUpUsingUpArrowButtonOnScreenTestCase" time="16.933"/>
</testsuite> <!-- com.selenium.practice.test.homePage.HomePageTestCases -->
