<?xml version="1.0" encoding="UTF-8"?>
<!-- Generated by org.testng.reporters.JUnitReportReporter -->
<testsuite hostname="MSI" failures="0" tests="5" name="com.selenium.practice.test.productpage.ProductPageTestCases" time="238.475" errors="0" timestamp="2025-05-28T13:29:59 IST" skipped="0">
  <testcase classname="com.selenium.practice.test.productpage.ProductPageTestCases" name="viewProductTestCase" time="29.297"/>
  <testcase classname="com.selenium.practice.test.productpage.ProductPageTestCases" name="productSearchBoxTestCase" time="31.271"/>
  <testcase classname="com.selenium.practice.test.productpage.ProductPageTestCases" name="verifyingProductBrandCategorizationTestCase" time="93.595"/>
  <testcase classname="com.selenium.practice.test.productpage.ProductPageTestCases" name="writingReviewTestCase" time="50.010"/>
  <testcase classname="com.selenium.practice.test.productpage.ProductPageTestCases" name="verifyingProductCategoriesTestCase" time="34.302"/>
</testsuite> <!-- com.selenium.practice.test.productpage.ProductPageTestCases -->
