<?xml version="1.0" encoding="UTF-8"?>
<!-- Generated by org.testng.reporters.JUnitReportReporter -->
<testsuite hostname="MSI" failures="0" tests="1" name="com.selenium.practice.test.testcasespage.TestCasesPage_TestCases" time="45.114" errors="0" timestamp="2025-05-28T13:29:59 IST" skipped="0">
  <testcase classname="com.selenium.practice.test.testcasespage.TestCasesPage_TestCases" name="pageLandingVerificationTestCase" time="45.114"/>
</testsuite> <!-- com.selenium.practice.test.testcasespage.TestCasesPage_TestCases -->
