<?xml version="1.0" encoding="UTF-8"?>
<!-- Generated by org.testng.reporters.JUnitReportReporter -->
<testsuite hostname="MSI" failures="0" tests="5" name="com.selenium.practice.test.loginpage.LoginPageTestCases" time="225.560" errors="0" timestamp="2025-05-28T13:29:59 IST" skipped="0">
  <testcase classname="com.selenium.practice.test.loginpage.LoginPageTestCases" name="signUpTestCase" time="108.342"/>
  <testcase classname="com.selenium.practice.test.loginpage.LoginPageTestCases" name="logoutTestCase" time="28.753"/>
  <testcase classname="com.selenium.practice.test.loginpage.LoginPageTestCases" name="wrongCredentialSignInTestCase" time="31.829"/>
  <testcase classname="com.selenium.practice.test.loginpage.LoginPageTestCases" name="registeringWithExistingUserTestCase" time="19.380"/>
  <testcase classname="com.selenium.practice.test.loginpage.LoginPageTestCases" name="signInTestCase" time="37.256"/>
</testsuite> <!-- com.selenium.practice.test.loginpage.LoginPageTestCases -->
