<?xml version="1.0" encoding="UTF-8"?>
<!-- Generated by org.testng.reporters.JUnitReportReporter -->
<testsuite hostname="MSI" failures="0" tests="4" name="com.selenium.practice.test.start_to_end.StartToEnd" time="416.888" errors="0" timestamp="2025-05-30T15:42:27 IST" skipped="0">
  <testcase classname="com.selenium.practice.test.start_to_end.StartToEnd" name="searchedProductsTestCase" time="105.526"/>
  <testcase classname="com.selenium.practice.test.start_to_end.StartToEnd" name="tryingToOrderAfterRegistering" time="105.214"/>
  <testcase classname="com.selenium.practice.test.start_to_end.StartToEnd" name="endToEndTestCase" time="88.800"/>
  <testcase classname="com.selenium.practice.test.start_to_end.StartToEnd" name="tryingToOrderWithoutRegisteringTestCase" time="117.348"/>
</testsuite> <!-- com.selenium.practice.test.start_to_end.StartToEnd -->
