<?xml version="1.0" encoding="UTF-8"?>
<!-- Generated by org.testng.reporters.JUnitReportReporter -->
<testsuite hostname="MSI" failures="0" tests="2" name="com.selenium.practice.test.checkoutpage.CheckOutPageTestCases" time="251.770" errors="0" timestamp="2025-05-28T13:29:59 IST" skipped="0">
  <testcase classname="com.selenium.practice.test.checkoutpage.CheckOutPageTestCases" name="downloadingInvoiceAfterPurchase" time="128.062"/>
  <testcase classname="com.selenium.practice.test.checkoutpage.CheckOutPageTestCases" name="checkingUsersDetailsAfterSigningUpTestCase" time="123.708"/>
</testsuite> <!-- com.selenium.practice.test.checkoutpage.CheckOutPageTestCases -->
