<?xml version="1.0" encoding="UTF-8"?>
<!-- Generated by org.testng.reporters.JUnitReportReporter -->
<testsuite hostname="MSI" failures="0" tests="4" name="com.selenium.practice.test.cartpage.CartPageTestCases" time="170.021" errors="0" timestamp="2025-05-28T13:29:59 IST" skipped="0">
  <testcase classname="com.selenium.practice.test.cartpage.CartPageTestCases" name="verifyingProductQuantityTestCase" time="40.792"/>
  <testcase classname="com.selenium.practice.test.cartpage.CartPageTestCases" name="removingProductsFromCartTestCase" time="58.971"/>
  <testcase classname="com.selenium.practice.test.cartpage.CartPageTestCases" name="subscriptionVerification" time="16.877"/>
  <testcase classname="com.selenium.practice.test.cartpage.CartPageTestCases" name="verfyingProductsInCart" time="53.381"/>
</testsuite> <!-- com.selenium.practice.test.cartpage.CartPageTestCases -->
